Arguments: 
  C:\Program Files\nodejs\node.exe C:\Program Files (x86)\Yarn\bin\yarn.js publish --access public

PATH: 
  C:\Program Files (x86)\Common Files\Oracle\Java\javapath;C:\WINDOWS\system32;C:\WINDOWS;C:\WINDOWS\System32\Wbem;C:\WINDOWS\System32\WindowsPowerShell\v1.0\;C:\Program Files\TortoiseSVN\bin;C:\wamp64\bin\php\php7.0.10;C:\Program Files\Git\cmd;C:\Program Files\Microsoft VS Code\bin;C:\Users\Administrator\AppData\Local\Yarn\bin;C:\Users\Administrator\AppData\Roaming\nvm;C:\Program Files\nodejs;%JAVA_HOME%\bin;C:\WINDOWS\System32\OpenSSH\;C:\cmder;C:\flutter\bin;C:\Program Files (x86)\Yarn\bin\;C:\Program Files\Microsoft VS Code\bin;C:\wamp64\bin\php\php7.0.10;C:\Users\Administrator\AppData\Roaming\npm;C:\Users\Administrator\AppData\Roaming\nvm;C:\Program Files\nodejs;C:\Users\Administrator\AppData\Local\Microsoft\WindowsApps;;C:\Program Files\JetBrains\WebStorm 2019.1.1\bin;;D:\Program Files\Microsoft VS Code\bin;C:\Program Files\JetBrains\IntelliJ IDEA 2019.1.2\bin;;C:\Users\Administrator\AppData\Local\Yarn\bin

Yarn version: 
  1.19.1

Node version: 
  10.15.0

Platform: 
  win32 x64

Trace: 
  Error: canceled
      at Interface.<anonymous> (C:\Program Files (x86)\Yarn\lib\cli.js:136824:13)
      at Interface.emit (events.js:182:13)
      at Interface._ttyWrite (readline.js:783:16)
      at ReadStream.onkeypress (readline.js:168:10)
      at ReadStream.emit (events.js:182:13)
      at emitKeys (internal/readline.js:424:14)
      at emitKeys.next (<anonymous>)
      at ReadStream.onData (readline.js:1022:36)
      at ReadStream.emit (events.js:182:13)
      at addChunk (_stream_readable.js:283:12)

npm manifest: 
  {
    "name": "style-base",
    "version": "0.0.7",
    "description": "包含常用sass变量、混合、function、ant design色板、可选的felx栅格和float栅格以及常用的工具类",
    "main": "./main.scss",
    "authors": {
      "name": "lixianjie",
      "email": "1073830130@qq.com"
    },
    "repository": "",
    "scripts": {},
    "devDependencies": {},
    "peerDependencies": {},
    "dependencies": {},
    "license": "MIT"
  }

yarn manifest: 
  No manifest

Lockfile: 
  No lockfile
